<?xml version="1.0" encoding="UTF-8"?>
<!-- Generated by org.testng.reporters.JUnitReportReporter -->
<testsuite hostname="DESKTOP-LG2T0TR" failures="0" tests="1" name="Academy.BrowserTest" time="1.556" errors="0" timestamp="2025-01-26T07:29:21 GMT-08:00" skipped="0">
  <testcase classname="Academy.BrowserTest" name="getData" time="1.556"/>
</testsuite> <!-- Academy.BrowserTest -->
