<?xml version="1.0" encoding="UTF-8"?>
<!-- Generated by org.testng.reporters.JUnitReportReporter -->
<testsuite hostname="DESKTOP-LG2T0TR" failures="0" tests="1" name="Academy.BrowserTest" time="3.520" errors="0" timestamp="2025-01-26T07:53:29 GMT-08:00" skipped="0">
  <testcase classname="Academy.BrowserTest" name="getData" time="3.520"/>
</testsuite> <!-- Academy.BrowserTest -->
